# Logfile created on 2021-02-22 08:51:32 +0000 by logger.rb/56438
[2021-02-22T08:51:32+00:00] INFO: Started chef-zero at chefzero://localhost:8889 with repository at /opt/gitlab/embedded
  One version per cookbook

[2021-02-22T08:51:32+00:00] INFO: Forking chef instance to converge...
[2021-02-22T08:51:32+00:00] INFO: *** Chef 12.12.15 ***
[2021-02-22T08:51:32+00:00] INFO: Platform: x86_64-linux
[2021-02-22T08:51:32+00:00] INFO: Chef-client pid: 26
[2021-02-22T08:51:33+00:00] WARN: unable to detect ipaddress
[2021-02-22T08:51:33+00:00] INFO: HTTP Request Returned 404 Not Found: Object not found: chefzero://localhost:8889/nodes/gitlab.example.com
[2021-02-22T08:51:33+00:00] INFO: Setting the run_list to ["recipe[gitlab]"] from CLI options
[2021-02-22T08:51:33+00:00] INFO: Run List is [recipe[gitlab]]
[2021-02-22T08:51:33+00:00] INFO: Run List expands to [gitlab]
[2021-02-22T08:51:33+00:00] INFO: Starting Chef Run for gitlab.example.com
[2021-02-22T08:51:33+00:00] INFO: Running start handlers
[2021-02-22T08:51:33+00:00] INFO: Start handlers complete.
[2021-02-22T08:51:33+00:00] INFO: HTTP Request Returned 404 Not Found: Object not found: 
[2021-02-22T08:51:33+00:00] INFO: Loading cookbooks [gitlab@0.0.1, runit@0.14.2, package@0.0.0]
[2021-02-22T08:51:33+00:00] INFO: Storing updated cookbooks/gitlab/resources/templatesymlink.rb in the cache.
[2021-02-22T08:51:33+00:00] INFO: Storing updated cookbooks/gitlab/recipes/redis.rb in the cache.
[2021-02-22T08:51:33+00:00] INFO: Storing updated cookbooks/gitlab/recipes/postgresql.rb in the cache.
[2021-02-22T08:51:33+00:00] INFO: Storing updated cookbooks/gitlab/recipes/gitlab-monitor_disable.rb in the cache.
[2021-02-22T08:51:33+00:00] INFO: Storing updated cookbooks/gitlab/recipes/gitlab-ci-proxying.rb in the cache.
[2021-02-22T08:51:33+00:00] INFO: Storing updated cookbooks/gitlab/recipes/nginx.rb in the cache.
[2021-02-22T08:51:33+00:00] INFO: Storing updated cookbooks/gitlab/recipes/gitaly.rb in the cache.
[2021-02-22T08:51:33+00:00] INFO: Storing updated cookbooks/gitlab/recipes/sidekiq.rb in the cache.
[2021-02-22T08:51:33+00:00] INFO: Storing updated cookbooks/gitlab/recipes/mattermost_disable.rb in the cache.
[2021-02-22T08:51:33+00:00] INFO: Storing updated cookbooks/gitlab/recipes/ci-unicorn.rb in the cache.
[2021-02-22T08:51:33+00:00] INFO: Storing updated cookbooks/gitlab/recipes/ci-sidekiq_disable.rb in the cache.
[2021-02-22T08:51:33+00:00] INFO: Storing updated cookbooks/gitlab/recipes/logrotate.rb in the cache.
[2021-02-22T08:51:33+00:00] INFO: Storing updated cookbooks/gitlab/recipes/mattermost.rb in the cache.
[2021-02-22T08:51:33+00:00] INFO: Storing updated cookbooks/gitlab/recipes/postgresql-bin.rb in the cache.
[2021-02-22T08:51:33+00:00] INFO: Storing updated cookbooks/gitlab/recipes/ci-unicorn_disable.rb in the cache.
[2021-02-22T08:51:33+00:00] INFO: Storing updated cookbooks/gitlab/recipes/config.rb in the cache.
[2021-02-22T08:51:33+00:00] INFO: Storing updated cookbooks/gitlab/recipes/gitlab-pages_disable.rb in the cache.
[2021-02-22T08:51:33+00:00] INFO: Storing updated cookbooks/gitlab/recipes/remove_accounts.rb in the cache.
[2021-02-22T08:51:33+00:00] INFO: Storing updated cookbooks/gitlab/recipes/node-exporter_disable.rb in the cache.
[2021-02-22T08:51:33+00:00] INFO: Storing updated cookbooks/gitlab/recipes/postgres-exporter_disable.rb in the cache.
[2021-02-22T08:51:33+00:00] INFO: Storing updated cookbooks/gitlab/recipes/gitlab-shell.rb in the cache.
[2021-02-22T08:51:33+00:00] INFO: Storing updated cookbooks/gitlab/recipes/selinux.rb in the cache.
[2021-02-22T08:51:33+00:00] INFO: Storing updated cookbooks/gitlab/recipes/ci-redis_disable.rb in the cache.
[2021-02-22T08:51:33+00:00] INFO: Storing updated cookbooks/gitlab/recipes/prometheus.rb in the cache.
[2021-02-22T08:51:33+00:00] INFO: Storing updated cookbooks/gitlab/recipes/default.rb in the cache.
[2021-02-22T08:51:33+00:00] INFO: Storing updated cookbooks/gitlab/recipes/gitlab-monitor.rb in the cache.
[2021-02-22T08:51:33+00:00] INFO: Storing updated cookbooks/gitlab/recipes/ci-redis.rb in the cache.
[2021-02-22T08:51:33+00:00] INFO: Storing updated cookbooks/gitlab/recipes/redis_disable.rb in the cache.
[2021-02-22T08:51:33+00:00] INFO: Storing updated cookbooks/gitlab/recipes/bootstrap.rb in the cache.
[2021-02-22T08:51:33+00:00] INFO: Storing updated cookbooks/gitlab/recipes/unicorn.rb in the cache.
[2021-02-22T08:51:33+00:00] INFO: Storing updated cookbooks/gitlab/recipes/sidekiq_disable.rb in the cache.
[2021-02-22T08:51:33+00:00] INFO: Storing updated cookbooks/gitlab/recipes/logrotate_folders_and_configs.rb in the cache.
[2021-02-22T08:51:33+00:00] INFO: Storing updated cookbooks/gitlab/recipes/redis-exporter.rb in the cache.
[2021-02-22T08:51:33+00:00] INFO: Storing updated cookbooks/gitlab/recipes/registry.rb in the cache.
[2021-02-22T08:51:33+00:00] INFO: Storing updated cookbooks/gitlab/recipes/remote-syslog.rb in the cache.
[2021-02-22T08:51:33+00:00] INFO: Storing updated cookbooks/gitlab/recipes/gitlab-workhorse.rb in the cache.
[2021-02-22T08:51:33+00:00] INFO: Storing updated cookbooks/gitlab/recipes/gitlab-healthcheck.rb in the cache.
[2021-02-22T08:51:33+00:00] INFO: Storing updated cookbooks/gitlab/recipes/node-exporter.rb in the cache.
[2021-02-22T08:51:33+00:00] INFO: Storing updated cookbooks/gitlab/recipes/gitlab-pages.rb in the cache.
[2021-02-22T08:51:33+00:00] INFO: Storing updated cookbooks/gitlab/recipes/gitlab-workhorse_disable.rb in the cache.
[2021-02-22T08:51:33+00:00] INFO: Storing updated cookbooks/gitlab/recipes/gitaly_disable.rb in the cache.
[2021-02-22T08:51:33+00:00] INFO: Storing updated cookbooks/gitlab/recipes/ci-sidekiq.rb in the cache.
[2021-02-22T08:51:33+00:00] INFO: Storing updated cookbooks/gitlab/recipes/unicorn_disable.rb in the cache.
[2021-02-22T08:51:33+00:00] INFO: Storing updated cookbooks/gitlab/recipes/cron.rb in the cache.
[2021-02-22T08:51:33+00:00] INFO: Storing updated cookbooks/gitlab/recipes/add_trusted_certs.rb in the cache.
[2021-02-22T08:51:33+00:00] INFO: Storing updated cookbooks/gitlab/recipes/prometheus_disable.rb in the cache.
[2021-02-22T08:51:33+00:00] INFO: Storing updated cookbooks/gitlab/recipes/redis-exporter_disable.rb in the cache.
[2021-02-22T08:51:33+00:00] INFO: Storing updated cookbooks/gitlab/recipes/remote-syslog_disable.rb in the cache.
[2021-02-22T08:51:33+00:00] INFO: Storing updated cookbooks/gitlab/recipes/bootstrap_disable.rb in the cache.
[2021-02-22T08:51:33+00:00] INFO: Storing updated cookbooks/gitlab/recipes/gitlab-rails.rb in the cache.
[2021-02-22T08:51:33+00:00] INFO: Storing updated cookbooks/gitlab/recipes/database_migrations.rb in the cache.
[2021-02-22T08:51:33+00:00] INFO: Storing updated cookbooks/gitlab/recipes/registry_disable.rb in the cache.
[2021-02-22T08:51:33+00:00] INFO: Storing updated cookbooks/gitlab/recipes/postgresql_disable.rb in the cache.
[2021-02-22T08:51:33+00:00] INFO: Storing updated cookbooks/gitlab/recipes/show_config.rb in the cache.
[2021-02-22T08:51:33+00:00] INFO: Storing updated cookbooks/gitlab/recipes/logrotate_disable.rb in the cache.
[2021-02-22T08:51:33+00:00] INFO: Storing updated cookbooks/gitlab/recipes/mailroom_disable.rb in the cache.
[2021-02-22T08:51:33+00:00] INFO: Storing updated cookbooks/gitlab/recipes/gitlab-prometheus.rb in the cache.
[2021-02-22T08:51:33+00:00] INFO: Storing updated cookbooks/gitlab/recipes/postgres-exporter.rb in the cache.
[2021-02-22T08:51:33+00:00] INFO: Storing updated cookbooks/gitlab/recipes/nginx_disable.rb in the cache.
[2021-02-22T08:51:33+00:00] INFO: Storing updated cookbooks/gitlab/recipes/users.rb in the cache.
[2021-02-22T08:51:33+00:00] INFO: Storing updated cookbooks/gitlab/recipes/prometheus_user.rb in the cache.
[2021-02-22T08:51:33+00:00] INFO: Storing updated cookbooks/gitlab/recipes/web-server.rb in the cache.
[2021-02-22T08:51:33+00:00] INFO: Storing updated cookbooks/gitlab/recipes/mailroom.rb in the cache.
[2021-02-22T08:51:33+00:00] INFO: Storing updated cookbooks/gitlab/definitions/sidekiq_service.rb in the cache.
[2021-02-22T08:51:33+00:00] INFO: Storing updated cookbooks/gitlab/definitions/env_dir.rb in the cache.
[2021-02-22T08:51:33+00:00] INFO: Storing updated cookbooks/gitlab/definitions/account.rb in the cache.
[2021-02-22T08:51:33+00:00] INFO: Storing updated cookbooks/gitlab/definitions/unicorn_config.rb in the cache.
[2021-02-22T08:51:33+00:00] INFO: Storing updated cookbooks/gitlab/definitions/redis_service.rb in the cache.
[2021-02-22T08:51:33+00:00] INFO: Storing updated cookbooks/gitlab/definitions/unicorn_service.rb in the cache.
[2021-02-22T08:51:33+00:00] INFO: Storing updated cookbooks/gitlab/definitions/sysctl.rb in the cache.
[2021-02-22T08:51:33+00:00] INFO: Storing updated cookbooks/gitlab/definitions/storage_directory.rb in the cache.
[2021-02-22T08:51:33+00:00] INFO: Storing updated cookbooks/gitlab/libraries/redis.rb in the cache.
[2021-02-22T08:51:33+00:00] INFO: Storing updated cookbooks/gitlab/libraries/matchers.rb in the cache.
[2021-02-22T08:51:33+00:00] INFO: Storing updated cookbooks/gitlab/libraries/gitaly.rb in the cache.
[2021-02-22T08:51:33+00:00] INFO: Storing updated cookbooks/gitlab/libraries/postgresql.rb in the cache.
[2021-02-22T08:51:33+00:00] INFO: Storing updated cookbooks/gitlab/libraries/gitlab_mattermost.rb in the cache.
[2021-02-22T08:51:33+00:00] INFO: Storing updated cookbooks/gitlab/libraries/nginx.rb in the cache.
[2021-02-22T08:51:33+00:00] INFO: Storing updated cookbooks/gitlab/libraries/prometheus.rb in the cache.
[2021-02-22T08:51:33+00:00] INFO: Storing updated cookbooks/gitlab/libraries/helper.rb in the cache.
[2021-02-22T08:51:33+00:00] INFO: Storing updated cookbooks/gitlab/libraries/storage_directory_helper.rb in the cache.
[2021-02-22T08:51:33+00:00] INFO: Storing updated cookbooks/gitlab/libraries/gitlab.rb in the cache.
[2021-02-22T08:51:33+00:00] INFO: Storing updated cookbooks/gitlab/libraries/gitlab_workhorse.rb in the cache.
[2021-02-22T08:51:33+00:00] INFO: Storing updated cookbooks/gitlab/libraries/gitlab_rails.rb in the cache.
[2021-02-22T08:51:33+00:00] INFO: Storing updated cookbooks/gitlab/libraries/gitlab_ci.rb in the cache.
[2021-02-22T08:51:33+00:00] INFO: Storing updated cookbooks/gitlab/libraries/account_helper.rb in the cache.
[2021-02-22T08:51:33+00:00] INFO: Storing updated cookbooks/gitlab/libraries/prometheus_helper.rb in the cache.
[2021-02-22T08:51:33+00:00] INFO: Storing updated cookbooks/gitlab/libraries/registry.rb in the cache.
[2021-02-22T08:51:33+00:00] INFO: Storing updated cookbooks/gitlab/libraries/unicorn.rb in the cache.
[2021-02-22T08:51:33+00:00] INFO: Storing updated cookbooks/gitlab/libraries/redis_helper.rb in the cache.
[2021-02-22T08:51:33+00:00] INFO: Storing updated cookbooks/gitlab/libraries/gitlab_pages.rb in the cache.
[2021-02-22T08:51:33+00:00] INFO: Storing updated cookbooks/gitlab/libraries/omnibus_helper.rb in the cache.
[2021-02-22T08:51:33+00:00] INFO: Storing updated cookbooks/gitlab/libraries/incoming_email.rb in the cache.
[2021-02-22T08:51:33+00:00] INFO: Storing updated cookbooks/gitlab/libraries/gitlab_shell.rb in the cache.
[2021-02-22T08:51:33+00:00] INFO: Storing updated cookbooks/gitlab/libraries/certificate_helper.rb in the cache.
[2021-02-22T08:51:33+00:00] INFO: Storing updated cookbooks/gitlab/libraries/redis_uri.rb in the cache.
[2021-02-22T08:51:33+00:00] INFO: Storing updated cookbooks/gitlab/libraries/logging.rb in the cache.
[2021-02-22T08:51:33+00:00] INFO: Storing updated cookbooks/gitlab/files/default/mail_room.yml in the cache.
[2021-02-22T08:51:33+00:00] INFO: Storing updated cookbooks/gitlab/templates/default/sv-mailroom-run.erb in the cache.
[2021-02-22T08:51:33+00:00] INFO: Storing updated cookbooks/gitlab/templates/default/unicorn.rb.erb in the cache.
[2021-02-22T08:51:33+00:00] INFO: Storing updated cookbooks/gitlab/attributes/default.rb in the cache.
[2021-02-22T08:51:33+00:00] INFO: Storing updated cookbooks/gitlab/templates/default/sv-registry-run.erb in the cache.
[2021-02-22T08:51:33+00:00] INFO: Storing updated cookbooks/gitlab/templates/default/sv-postgresql-log-run.erb in the cache.
[2021-02-22T08:51:33+00:00] INFO: Storing updated cookbooks/gitlab/templates/default/resque.yml.erb in the cache.
[2021-02-22T08:51:33+00:00] INFO: Storing updated cookbooks/gitlab/templates/default/secrets.yml.erb in the cache.
[2021-02-22T08:51:33+00:00] INFO: Storing updated cookbooks/gitlab/templates/default/sv-gitlab-pages-log-config.erb in the cache.
[2021-02-22T08:51:33+00:00] INFO: Storing updated cookbooks/gitlab/templates/default/sv-gitlab-pages-log-run.erb in the cache.
[2021-02-22T08:51:33+00:00] INFO: Storing updated cookbooks/gitlab/templates/default/secret_token.erb in the cache.
[2021-02-22T08:51:33+00:00] INFO: Storing updated cookbooks/gitlab/templates/default/nginx-gitlab-pages-http.conf.erb in the cache.
[2021-02-22T08:51:33+00:00] INFO: Storing updated cookbooks/gitlab/templates/default/pg_ident.conf.erb in the cache.
[2021-02-22T08:51:33+00:00] INFO: Storing updated cookbooks/gitlab/templates/default/sv-unicorn-run.erb in the cache.
[2021-02-22T08:51:33+00:00] INFO: Storing updated cookbooks/gitlab/templates/default/pg_hba.conf.erb in the cache.
[2021-02-22T08:51:33+00:00] INFO: Storing updated cookbooks/gitlab/templates/default/sv-postgres-exporter-log-config.erb in the cache.
[2021-02-22T08:51:33+00:00] INFO: Storing updated cookbooks/gitlab/templates/default/nginx-gitlab-ci-http.conf.erb in the cache.
[2021-02-22T08:51:33+00:00] INFO: Storing updated cookbooks/gitlab/templates/default/sv-logrotate-log-config.erb in the cache.
[2021-02-22T08:51:33+00:00] INFO: Storing updated cookbooks/gitlab/templates/default/sv-unicorn-log-config.erb in the cache.
[2021-02-22T08:51:33+00:00] INFO: Storing updated cookbooks/gitlab/templates/default/gitlab-psql-rc.erb in the cache.
[2021-02-22T08:51:33+00:00] INFO: Storing updated cookbooks/gitlab/templates/default/sv-gitlab-workhorse-log-config.erb in the cache.
[2021-02-22T08:51:33+00:00] INFO: Storing updated cookbooks/gitlab/templates/default/gitlab-monitor.yml.erb in the cache.
[2021-02-22T08:51:33+00:00] INFO: Storing updated cookbooks/gitlab/templates/default/remote_syslog.yml.erb in the cache.
[2021-02-22T08:51:33+00:00] INFO: Storing updated cookbooks/gitlab/templates/default/nginx-gitlab-mattermost-http.conf.erb in the cache.
[2021-02-22T08:51:33+00:00] INFO: Storing updated cookbooks/gitlab/templates/default/sv-sidekiq-log-run.erb in the cache.
[2021-02-22T08:51:33+00:00] INFO: Storing updated cookbooks/gitlab/templates/default/sv-redis-exporter-log-run.erb in the cache.
[2021-02-22T08:51:33+00:00] INFO: Storing updated cookbooks/gitlab/templates/default/sv-registry-log-config.erb in the cache.
[2021-02-22T08:51:33+00:00] INFO: Storing updated cookbooks/gitlab/templates/default/sv-remote-syslog-log-run.erb in the cache.
[2021-02-22T08:51:33+00:00] INFO: Storing updated cookbooks/gitlab/templates/default/aws.yml.erb in the cache.
[2021-02-22T08:51:33+00:00] INFO: Storing updated cookbooks/gitlab/templates/default/nginx-status.conf.erb in the cache.
[2021-02-22T08:51:34+00:00] INFO: Storing updated cookbooks/gitlab/templates/default/postgresql-init.erb in the cache.
[2021-02-22T08:51:34+00:00] INFO: Storing updated cookbooks/gitlab/templates/default/redis.conf.erb in the cache.
[2021-02-22T08:51:34+00:00] INFO: Storing updated cookbooks/gitlab/templates/default/sv-redis-log-run.erb in the cache.
[2021-02-22T08:51:34+00:00] INFO: Storing updated cookbooks/gitlab/templates/default/sv-nginx-run.erb in the cache.
[2021-02-22T08:51:34+00:00] INFO: Storing updated cookbooks/gitlab/templates/default/sv-gitaly-run.erb in the cache.
[2021-02-22T08:51:34+00:00] INFO: Storing updated cookbooks/gitlab/templates/default/sv-gitlab-workhorse-log-run.erb in the cache.
[2021-02-22T08:51:34+00:00] INFO: Storing updated cookbooks/gitlab/templates/default/sv-prometheus-run.erb in the cache.
[2021-02-22T08:51:34+00:00] INFO: Storing updated cookbooks/gitlab/templates/default/sv-unicorn-log-run.erb in the cache.
[2021-02-22T08:51:34+00:00] INFO: Storing updated cookbooks/gitlab/templates/default/logrotate.conf.erb in the cache.
[2021-02-22T08:51:34+00:00] INFO: Storing updated cookbooks/gitlab/templates/default/sv-postgres-exporter-run.erb in the cache.
[2021-02-22T08:51:34+00:00] INFO: Storing updated cookbooks/gitlab/templates/default/sv-logrotate-control-t.erb in the cache.
[2021-02-22T08:51:34+00:00] INFO: Storing updated cookbooks/gitlab/templates/default/sv-prometheus-log-config.erb in the cache.
[2021-02-22T08:51:34+00:00] INFO: Storing updated cookbooks/gitlab/templates/default/sv-unicorn-control-t.erb in the cache.
[2021-02-22T08:51:34+00:00] INFO: Storing updated cookbooks/gitlab/templates/default/sv-gitlab-workhorse-run.erb in the cache.
[2021-02-22T08:51:34+00:00] INFO: Storing updated cookbooks/gitlab/templates/default/mount_point_check.erb in the cache.
[2021-02-22T08:51:34+00:00] INFO: Storing updated cookbooks/gitlab/templates/default/nginx.conf.erb in the cache.
[2021-02-22T08:51:34+00:00] INFO: Storing updated cookbooks/gitlab/templates/default/sv-nginx-log-run.erb in the cache.
[2021-02-22T08:51:34+00:00] INFO: Storing updated cookbooks/gitlab/templates/default/sv-registry-log-run.erb in the cache.
[2021-02-22T08:51:34+00:00] INFO: Storing updated cookbooks/gitlab/templates/default/config.json.erb in the cache.
[2021-02-22T08:51:34+00:00] INFO: Storing updated cookbooks/gitlab/templates/default/sv-mattermost-run.erb in the cache.
[2021-02-22T08:51:34+00:00] INFO: Storing updated cookbooks/gitlab/templates/default/sv-mattermost-log-run.erb in the cache.
[2021-02-22T08:51:34+00:00] INFO: Storing updated cookbooks/gitlab/templates/default/sv-redis-exporter-log-config.erb in the cache.
[2021-02-22T08:51:34+00:00] INFO: Storing updated cookbooks/gitlab/templates/default/registry-config.yml.erb in the cache.
[2021-02-22T08:51:34+00:00] INFO: Storing updated cookbooks/gitlab/templates/default/sv-logrotate-log-run.erb in the cache.
[2021-02-22T08:51:34+00:00] INFO: Storing updated cookbooks/gitlab/templates/default/sv-node-exporter-log-run.erb in the cache.
[2021-02-22T08:51:34+00:00] INFO: Storing updated cookbooks/gitlab/templates/default/sv-nginx-log-config.erb in the cache.
[2021-02-22T08:51:34+00:00] INFO: Storing updated cookbooks/gitlab/templates/default/gitconfig-system.erb in the cache.
[2021-02-22T08:51:34+00:00] INFO: Storing updated cookbooks/gitlab/templates/default/gitlab-ci-rc.erb in the cache.
[2021-02-22T08:51:34+00:00] INFO: Storing updated cookbooks/gitlab/templates/default/sv-sidekiq-run.erb in the cache.
[2021-02-22T08:51:34+00:00] INFO: Storing updated cookbooks/gitlab/templates/default/sv-node-exporter-run.erb in the cache.
[2021-02-22T08:51:34+00:00] INFO: Storing updated cookbooks/gitlab/templates/default/sv-redis-exporter-run.erb in the cache.
[2021-02-22T08:51:34+00:00] INFO: Storing updated cookbooks/gitlab/templates/default/sv-gitaly-log-run.erb in the cache.
[2021-02-22T08:51:34+00:00] INFO: Storing updated cookbooks/gitlab/templates/default/nginx-gitlab-http.conf.erb in the cache.
[2021-02-22T08:51:34+00:00] INFO: Storing updated cookbooks/gitlab/templates/default/sv-gitaly-log-config.erb in the cache.
[2021-02-22T08:51:34+00:00] INFO: Storing updated cookbooks/gitlab/templates/default/postgresql.conf.erb in the cache.
[2021-02-22T08:51:34+00:00] INFO: Storing updated cookbooks/gitlab/templates/default/sv-mailroom-log-config.erb in the cache.
[2021-02-22T08:51:34+00:00] INFO: Storing updated cookbooks/gitlab/templates/default/logrotate-service.erb in the cache.
[2021-02-22T08:51:34+00:00] INFO: Storing updated cookbooks/gitlab/templates/default/prometheus.yml.erb in the cache.
[2021-02-22T08:51:34+00:00] INFO: Storing updated cookbooks/gitlab/templates/default/sv-postgresql-log-config.erb in the cache.
[2021-02-22T08:51:34+00:00] INFO: Storing updated cookbooks/gitlab/templates/default/sv-node-exporter-log-config.erb in the cache.
[2021-02-22T08:51:34+00:00] INFO: Storing updated cookbooks/gitlab/templates/default/sv-mailroom-log-run.erb in the cache.
[2021-02-22T08:51:34+00:00] INFO: Storing updated cookbooks/gitlab/templates/default/nginx-gitlab-registry-http.conf.erb in the cache.
[2021-02-22T08:51:34+00:00] INFO: Storing updated cookbooks/gitlab/templates/default/sv-postgresql-run.erb in the cache.
[2021-02-22T08:51:34+00:00] INFO: Storing updated cookbooks/gitlab/templates/default/sv-gitlab-monitor-log-config.erb in the cache.
[2021-02-22T08:51:34+00:00] INFO: Storing updated cookbooks/gitlab/templates/default/sv-mailroom-finish.erb in the cache.
[2021-02-22T08:51:34+00:00] INFO: Storing updated cookbooks/gitlab/templates/default/sv-gitlab-monitor-log-run.erb in the cache.
[2021-02-22T08:51:34+00:00] INFO: Storing updated cookbooks/gitlab/templates/default/sv-postgres-exporter-log-run.erb in the cache.
[2021-02-22T08:51:34+00:00] INFO: Storing updated cookbooks/gitlab/templates/default/sv-logrotate-run.erb in the cache.
[2021-02-22T08:51:34+00:00] INFO: Storing updated cookbooks/gitlab/templates/default/sv-gitlab-pages-run.erb in the cache.
[2021-02-22T08:51:34+00:00] INFO: Storing updated cookbooks/gitlab/templates/default/gitlab-rails-rc.erb in the cache.
[2021-02-22T08:51:34+00:00] INFO: Storing updated cookbooks/gitlab/templates/default/smtp_settings.rb.erb in the cache.
[2021-02-22T08:51:34+00:00] INFO: Storing updated cookbooks/gitlab/templates/default/gitlab-healthcheck-rc.erb in the cache.
[2021-02-22T08:51:34+00:00] INFO: Storing updated cookbooks/gitlab/templates/default/sv-redis-log-config.erb in the cache.
[2021-02-22T08:51:34+00:00] INFO: Storing updated cookbooks/gitlab/templates/default/gitconfig.erb in the cache.
[2021-02-22T08:51:34+00:00] INFO: Storing updated cookbooks/gitlab/templates/default/gitlab-rails-error.html.erb in the cache.
[2021-02-22T08:51:34+00:00] INFO: Storing updated cookbooks/gitlab/templates/default/sv-remote-syslog-run.erb in the cache.
[2021-02-22T08:51:34+00:00] INFO: Storing updated cookbooks/gitlab/templates/default/sv-gitlab-monitor-run.erb in the cache.
[2021-02-22T08:51:34+00:00] INFO: Storing updated cookbooks/gitlab/templates/default/sv-prometheus-log-run.erb in the cache.
[2021-02-22T08:51:34+00:00] INFO: Storing updated cookbooks/gitlab/templates/default/sv-remote-syslog-log-config.erb in the cache.
[2021-02-22T08:51:34+00:00] INFO: Storing updated cookbooks/gitlab/templates/default/sv-sidekiq-log-config.erb in the cache.
[2021-02-22T08:51:34+00:00] INFO: Storing updated cookbooks/gitlab/templates/default/sv-redis-run.erb in the cache.
[2021-02-22T08:51:34+00:00] INFO: Storing updated cookbooks/gitlab/templates/default/gitlab.yml.erb in the cache.
[2021-02-22T08:51:34+00:00] INFO: Storing updated cookbooks/gitlab/templates/default/rack_attack.rb.erb in the cache.
[2021-02-22T08:51:34+00:00] INFO: Storing updated cookbooks/gitlab/templates/default/relative_url.rb.erb in the cache.
[2021-02-22T08:51:34+00:00] INFO: Storing updated cookbooks/gitlab/templates/default/database.yml.erb in the cache.
[2021-02-22T08:51:34+00:00] INFO: Storing updated cookbooks/gitlab/templates/default/gitlab-shell-config.yml.erb in the cache.
[2021-02-22T08:51:34+00:00] INFO: Storing updated cookbooks/gitlab/templates/default/sv-postgresql-control-t.erb in the cache.
[2021-02-22T08:51:34+00:00] INFO: Storing updated cookbooks/gitlab/templates/default/sv-mattermost-log-config.erb in the cache.
[2021-02-22T08:51:34+00:00] INFO: Storing updated cookbooks/gitlab/metadata.rb in the cache.
[2021-02-22T08:51:34+00:00] INFO: Storing updated cookbooks/runit/recipes/default.rb in the cache.
[2021-02-22T08:51:34+00:00] INFO: Storing updated cookbooks/runit/recipes/sysvinit.rb in the cache.
[2021-02-22T08:51:34+00:00] INFO: Storing updated cookbooks/runit/recipes/systemd.rb in the cache.
[2021-02-22T08:51:34+00:00] INFO: Storing updated cookbooks/runit/recipes/upstart.rb in the cache.
[2021-02-22T08:51:34+00:00] INFO: Storing updated cookbooks/runit/definitions/runit_service.rb in the cache.
[2021-02-22T08:51:34+00:00] INFO: Storing updated cookbooks/runit/attributes/default.rb in the cache.
[2021-02-22T08:51:34+00:00] INFO: Storing updated cookbooks/runit/files/default/gitlab-runsvdir.conf in the cache.
[2021-02-22T08:51:34+00:00] INFO: Storing updated cookbooks/runit/files/default/gitlab-runsvdir.service in the cache.
[2021-02-22T08:51:34+00:00] INFO: Storing updated cookbooks/runit/README.md in the cache.
[2021-02-22T08:51:34+00:00] INFO: Storing updated cookbooks/package/attributes/default.rb in the cache.
[2021-02-22T08:51:34+00:00] INFO: Storing updated cookbooks/runit/metadata.rb in the cache.
[2021-02-22T08:51:34+00:00] WARN: Skipped selecting an init system because it looks like we are running in a container
[2021-02-22T08:51:35+00:00] INFO: directory[/opt/gitlab/embedded/etc] created directory /opt/gitlab/embedded/etc
[2021-02-22T08:51:35+00:00] INFO: directory[/opt/gitlab/embedded/etc] owner changed to 0
[2021-02-22T08:51:35+00:00] INFO: directory[/opt/gitlab/embedded/etc] group changed to 0
[2021-02-22T08:51:35+00:00] INFO: directory[/opt/gitlab/embedded/etc] mode changed to 755
[2021-02-22T08:51:35+00:00] INFO: template[/opt/gitlab/embedded/etc/gitconfig] created file /opt/gitlab/embedded/etc/gitconfig
[2021-02-22T08:51:35+00:00] INFO: template[/opt/gitlab/embedded/etc/gitconfig] updated file contents /opt/gitlab/embedded/etc/gitconfig
[2021-02-22T08:51:35+00:00] INFO: template[/opt/gitlab/embedded/etc/gitconfig] mode changed to 755
[2021-02-22T08:51:35+00:00] INFO: directory[/opt/gitlab/embedded/service/gitlab-shell/hooks/] owner changed to 998
[2021-02-22T08:51:35+00:00] INFO: directory[/opt/gitlab/embedded/service/gitlab-shell/hooks/] group changed to 998
[2021-02-22T08:51:35+00:00] INFO: link[Link /opt/gitlab/embedded/service/gitlab-shell/config.yml to /var/opt/gitlab/gitlab-shell/config.yml] created
[2021-02-22T08:51:35+00:00] INFO: link[/opt/gitlab/embedded/service/gitlab-shell/.gitlab_shell_secret] created
[2021-02-22T08:51:35+00:00] INFO: execute[/opt/gitlab/embedded/service/gitlab-shell/bin/gitlab-keys check-permissions] ran successfully
[2021-02-22T08:51:35+00:00] INFO: directory[create /opt/gitlab/etc/gitlab-rails] created directory /opt/gitlab/etc/gitlab-rails
[2021-02-22T08:51:35+00:00] INFO: directory[create /opt/gitlab/etc/gitlab-rails] owner changed to 998
[2021-02-22T08:51:35+00:00] INFO: directory[create /opt/gitlab/etc/gitlab-rails] mode changed to 700
[2021-02-22T08:51:35+00:00] INFO: template[/opt/gitlab/etc/gitlab-rails/gitlab-rails-rc] created file /opt/gitlab/etc/gitlab-rails/gitlab-rails-rc
[2021-02-22T08:51:35+00:00] INFO: template[/opt/gitlab/etc/gitlab-rails/gitlab-rails-rc] updated file contents /opt/gitlab/etc/gitlab-rails/gitlab-rails-rc
[2021-02-22T08:51:35+00:00] INFO: link[Link /opt/gitlab/embedded/service/gitlab-rails/config/database.yml to /var/opt/gitlab/gitlab-rails/etc/database.yml] created
[2021-02-22T08:51:35+00:00] INFO: link[Link /opt/gitlab/embedded/service/gitlab-rails/config/secrets.yml to /var/opt/gitlab/gitlab-rails/etc/secrets.yml] created
[2021-02-22T08:51:35+00:00] INFO: link[Link /opt/gitlab/embedded/service/gitlab-rails/config/resque.yml to /var/opt/gitlab/gitlab-rails/etc/resque.yml] created
[2021-02-22T08:51:35+00:00] INFO: link[Link /opt/gitlab/embedded/service/gitlab-rails/config/gitlab.yml to /var/opt/gitlab/gitlab-rails/etc/gitlab.yml] created
[2021-02-22T08:51:35+00:00] INFO: link[Link /opt/gitlab/embedded/service/gitlab-rails/config/initializers/rack_attack.rb to /var/opt/gitlab/gitlab-rails/etc/rack_attack.rb] created
[2021-02-22T08:51:35+00:00] INFO: link[Link /opt/gitlab/embedded/service/gitlab-rails/.gitlab_workhorse_secret to /var/opt/gitlab/gitlab-rails/etc/gitlab_workhorse_secret] created
[2021-02-22T08:51:35+00:00] INFO: link[Link /opt/gitlab/embedded/service/gitlab-rails/.gitlab_shell_secret to /var/opt/gitlab/gitlab-rails/etc/gitlab_shell_secret] created
[2021-02-22T08:51:35+00:00] INFO: directory[/opt/gitlab/etc/gitlab-rails/env] created directory /opt/gitlab/etc/gitlab-rails/env
[2021-02-22T08:51:35+00:00] INFO: file[/opt/gitlab/etc/gitlab-rails/env/HOME] created file /opt/gitlab/etc/gitlab-rails/env/HOME
[2021-02-22T08:51:35+00:00] INFO: file[/opt/gitlab/etc/gitlab-rails/env/HOME] updated file contents /opt/gitlab/etc/gitlab-rails/env/HOME
[2021-02-22T08:51:35+00:00] INFO: file[/opt/gitlab/etc/gitlab-rails/env/RAILS_ENV] created file /opt/gitlab/etc/gitlab-rails/env/RAILS_ENV
[2021-02-22T08:51:35+00:00] INFO: file[/opt/gitlab/etc/gitlab-rails/env/RAILS_ENV] updated file contents /opt/gitlab/etc/gitlab-rails/env/RAILS_ENV
[2021-02-22T08:51:35+00:00] INFO: file[/opt/gitlab/etc/gitlab-rails/env/LD_PRELOAD] created file /opt/gitlab/etc/gitlab-rails/env/LD_PRELOAD
[2021-02-22T08:51:35+00:00] INFO: file[/opt/gitlab/etc/gitlab-rails/env/LD_PRELOAD] updated file contents /opt/gitlab/etc/gitlab-rails/env/LD_PRELOAD
[2021-02-22T08:51:35+00:00] INFO: file[/opt/gitlab/etc/gitlab-rails/env/SIDEKIQ_MEMORY_KILLER_MAX_RSS] created file /opt/gitlab/etc/gitlab-rails/env/SIDEKIQ_MEMORY_KILLER_MAX_RSS
[2021-02-22T08:51:35+00:00] INFO: file[/opt/gitlab/etc/gitlab-rails/env/SIDEKIQ_MEMORY_KILLER_MAX_RSS] updated file contents /opt/gitlab/etc/gitlab-rails/env/SIDEKIQ_MEMORY_KILLER_MAX_RSS
[2021-02-22T08:51:35+00:00] INFO: file[/opt/gitlab/etc/gitlab-rails/env/BUNDLE_GEMFILE] created file /opt/gitlab/etc/gitlab-rails/env/BUNDLE_GEMFILE
[2021-02-22T08:51:35+00:00] INFO: file[/opt/gitlab/etc/gitlab-rails/env/BUNDLE_GEMFILE] updated file contents /opt/gitlab/etc/gitlab-rails/env/BUNDLE_GEMFILE
[2021-02-22T08:51:35+00:00] INFO: file[/opt/gitlab/etc/gitlab-rails/env/PATH] created file /opt/gitlab/etc/gitlab-rails/env/PATH
[2021-02-22T08:51:35+00:00] INFO: file[/opt/gitlab/etc/gitlab-rails/env/PATH] updated file contents /opt/gitlab/etc/gitlab-rails/env/PATH
[2021-02-22T08:51:35+00:00] INFO: file[/opt/gitlab/etc/gitlab-rails/env/ICU_DATA] created file /opt/gitlab/etc/gitlab-rails/env/ICU_DATA
[2021-02-22T08:51:35+00:00] INFO: file[/opt/gitlab/etc/gitlab-rails/env/ICU_DATA] updated file contents /opt/gitlab/etc/gitlab-rails/env/ICU_DATA
[2021-02-22T08:51:35+00:00] INFO: file[/opt/gitlab/etc/gitlab-rails/env/PYTHONPATH] created file /opt/gitlab/etc/gitlab-rails/env/PYTHONPATH
[2021-02-22T08:51:35+00:00] INFO: file[/opt/gitlab/etc/gitlab-rails/env/PYTHONPATH] updated file contents /opt/gitlab/etc/gitlab-rails/env/PYTHONPATH
[2021-02-22T08:51:35+00:00] INFO: file[/opt/gitlab/etc/gitlab-rails/env/EXECJS_RUNTIME] created file /opt/gitlab/etc/gitlab-rails/env/EXECJS_RUNTIME
[2021-02-22T08:51:35+00:00] INFO: file[/opt/gitlab/etc/gitlab-rails/env/EXECJS_RUNTIME] updated file contents /opt/gitlab/etc/gitlab-rails/env/EXECJS_RUNTIME
[2021-02-22T08:51:35+00:00] INFO: link[/opt/gitlab/embedded/service/gitlab-rails/tmp] created
[2021-02-22T08:51:35+00:00] INFO: link[/opt/gitlab/embedded/service/gitlab-rails/public/uploads] created
[2021-02-22T08:51:35+00:00] INFO: link[/opt/gitlab/embedded/service/gitlab-rails/log] created
[2021-02-22T08:51:35+00:00] INFO: file[/opt/gitlab/embedded/service/gitlab-rails/db/schema.rb] owner changed to 998
[2021-02-22T08:51:40+00:00] INFO: execute[chown -R root:root /opt/gitlab/embedded/service/gitlab-rails/public] ran successfully
[2021-02-22T08:51:40+00:00] INFO: file[/opt/gitlab/embedded/ssl/certs/README] created file /opt/gitlab/embedded/ssl/certs/README
[2021-02-22T08:51:40+00:00] INFO: file[/opt/gitlab/embedded/ssl/certs/README] updated file contents /opt/gitlab/embedded/ssl/certs/README
[2021-02-22T08:51:40+00:00] INFO: file[/opt/gitlab/embedded/ssl/certs/README] mode changed to 644
[2021-02-22T08:51:40+00:00] INFO: ruby_block[Move existing certs and link to /opt/gitlab/embedded/ssl/certs] called
[2021-02-22T08:51:40+00:00] INFO: directory[/opt/gitlab/sv/redis] created directory /opt/gitlab/sv/redis
[2021-02-22T08:51:40+00:00] INFO: directory[/opt/gitlab/sv/redis] owner changed to 0
[2021-02-22T08:51:40+00:00] INFO: directory[/opt/gitlab/sv/redis] group changed to 0
[2021-02-22T08:51:40+00:00] INFO: directory[/opt/gitlab/sv/redis] mode changed to 755
[2021-02-22T08:51:40+00:00] INFO: directory[/opt/gitlab/sv/redis/log] created directory /opt/gitlab/sv/redis/log
[2021-02-22T08:51:40+00:00] INFO: directory[/opt/gitlab/sv/redis/log] owner changed to 0
[2021-02-22T08:51:40+00:00] INFO: directory[/opt/gitlab/sv/redis/log] group changed to 0
[2021-02-22T08:51:40+00:00] INFO: directory[/opt/gitlab/sv/redis/log] mode changed to 755
[2021-02-22T08:51:40+00:00] INFO: directory[/opt/gitlab/sv/redis/log/main] created directory /opt/gitlab/sv/redis/log/main
[2021-02-22T08:51:40+00:00] INFO: directory[/opt/gitlab/sv/redis/log/main] owner changed to 0
[2021-02-22T08:51:40+00:00] INFO: directory[/opt/gitlab/sv/redis/log/main] group changed to 0
[2021-02-22T08:51:40+00:00] INFO: directory[/opt/gitlab/sv/redis/log/main] mode changed to 755
[2021-02-22T08:51:40+00:00] INFO: template[/opt/gitlab/sv/redis/run] created file /opt/gitlab/sv/redis/run
[2021-02-22T08:51:40+00:00] INFO: template[/opt/gitlab/sv/redis/run] updated file contents /opt/gitlab/sv/redis/run
[2021-02-22T08:51:40+00:00] INFO: template[/opt/gitlab/sv/redis/run] owner changed to 0
[2021-02-22T08:51:40+00:00] INFO: template[/opt/gitlab/sv/redis/run] group changed to 0
[2021-02-22T08:51:40+00:00] INFO: template[/opt/gitlab/sv/redis/run] mode changed to 755
[2021-02-22T08:51:40+00:00] INFO: template[/opt/gitlab/sv/redis/log/run] created file /opt/gitlab/sv/redis/log/run
[2021-02-22T08:51:40+00:00] INFO: template[/opt/gitlab/sv/redis/log/run] updated file contents /opt/gitlab/sv/redis/log/run
[2021-02-22T08:51:40+00:00] INFO: template[/opt/gitlab/sv/redis/log/run] owner changed to 0
[2021-02-22T08:51:40+00:00] INFO: template[/opt/gitlab/sv/redis/log/run] group changed to 0
[2021-02-22T08:51:40+00:00] INFO: template[/opt/gitlab/sv/redis/log/run] mode changed to 755
[2021-02-22T08:51:40+00:00] INFO: link[/opt/gitlab/init/redis] created
[2021-02-22T08:51:40+00:00] INFO: link[/opt/gitlab/service/redis] created
[2021-02-22T08:51:41+00:00] INFO: ruby_block[supervise_redis_sleep] called
[2021-02-22T08:51:41+00:00] INFO: file[create /opt/gitlab/embedded/etc/90-omnibus-gitlab-kernel.shmmax.conf kernel.shmmax] created file /opt/gitlab/embedded/etc/90-omnibus-gitlab-kernel.shmmax.conf
[2021-02-22T08:51:41+00:00] INFO: file[create /opt/gitlab/embedded/etc/90-omnibus-gitlab-kernel.shmmax.conf kernel.shmmax] updated file contents /opt/gitlab/embedded/etc/90-omnibus-gitlab-kernel.shmmax.conf
[2021-02-22T08:51:41+00:00] INFO: file[create /opt/gitlab/embedded/etc/90-omnibus-gitlab-kernel.shmmax.conf kernel.shmmax] sending run action to execute[load sysctl conf kernel.shmmax] (immediate)
[2021-02-22T08:51:41+00:00] INFO: execute[load sysctl conf kernel.shmmax] ran successfully
[2021-02-22T08:51:41+00:00] INFO: link[/etc/sysctl.d/90-omnibus-gitlab-kernel.shmmax.conf] created
[2021-02-22T08:51:41+00:00] INFO: file[create /opt/gitlab/embedded/etc/90-omnibus-gitlab-kernel.shmall.conf kernel.shmall] created file /opt/gitlab/embedded/etc/90-omnibus-gitlab-kernel.shmall.conf
[2021-02-22T08:51:41+00:00] INFO: file[create /opt/gitlab/embedded/etc/90-omnibus-gitlab-kernel.shmall.conf kernel.shmall] updated file contents /opt/gitlab/embedded/etc/90-omnibus-gitlab-kernel.shmall.conf
[2021-02-22T08:51:41+00:00] INFO: file[create /opt/gitlab/embedded/etc/90-omnibus-gitlab-kernel.shmall.conf kernel.shmall] sending run action to execute[load sysctl conf kernel.shmall] (immediate)
[2021-02-22T08:51:41+00:00] INFO: execute[load sysctl conf kernel.shmall] ran successfully
[2021-02-22T08:51:42+00:00] INFO: link[/etc/sysctl.d/90-omnibus-gitlab-kernel.shmall.conf] created
[2021-02-22T08:51:42+00:00] INFO: file[create /opt/gitlab/embedded/etc/90-omnibus-gitlab-kernel.sem.conf kernel.sem] created file /opt/gitlab/embedded/etc/90-omnibus-gitlab-kernel.sem.conf
[2021-02-22T08:51:42+00:00] INFO: file[create /opt/gitlab/embedded/etc/90-omnibus-gitlab-kernel.sem.conf kernel.sem] updated file contents /opt/gitlab/embedded/etc/90-omnibus-gitlab-kernel.sem.conf
[2021-02-22T08:51:42+00:00] INFO: file[create /opt/gitlab/embedded/etc/90-omnibus-gitlab-kernel.sem.conf kernel.sem] sending run action to execute[load sysctl conf kernel.sem] (immediate)
[2021-02-22T08:51:42+00:00] INFO: execute[load sysctl conf kernel.sem] ran successfully
[2021-02-22T08:51:42+00:00] INFO: link[/etc/sysctl.d/90-omnibus-gitlab-kernel.sem.conf] created
[2021-02-22T08:51:42+00:00] INFO: directory[/opt/gitlab/sv/postgresql] created directory /opt/gitlab/sv/postgresql
[2021-02-22T08:51:42+00:00] INFO: directory[/opt/gitlab/sv/postgresql] owner changed to 0
[2021-02-22T08:51:42+00:00] INFO: directory[/opt/gitlab/sv/postgresql] group changed to 0
[2021-02-22T08:51:42+00:00] INFO: directory[/opt/gitlab/sv/postgresql] mode changed to 755
[2021-02-22T08:51:42+00:00] INFO: directory[/opt/gitlab/sv/postgresql/log] created directory /opt/gitlab/sv/postgresql/log
[2021-02-22T08:51:42+00:00] INFO: directory[/opt/gitlab/sv/postgresql/log] owner changed to 0
[2021-02-22T08:51:42+00:00] INFO: directory[/opt/gitlab/sv/postgresql/log] group changed to 0
[2021-02-22T08:51:42+00:00] INFO: directory[/opt/gitlab/sv/postgresql/log] mode changed to 755
[2021-02-22T08:51:42+00:00] INFO: directory[/opt/gitlab/sv/postgresql/log/main] created directory /opt/gitlab/sv/postgresql/log/main
[2021-02-22T08:51:42+00:00] INFO: directory[/opt/gitlab/sv/postgresql/log/main] owner changed to 0
[2021-02-22T08:51:42+00:00] INFO: directory[/opt/gitlab/sv/postgresql/log/main] group changed to 0
[2021-02-22T08:51:42+00:00] INFO: directory[/opt/gitlab/sv/postgresql/log/main] mode changed to 755
[2021-02-22T08:51:42+00:00] INFO: template[/opt/gitlab/sv/postgresql/run] created file /opt/gitlab/sv/postgresql/run
[2021-02-22T08:51:42+00:00] INFO: template[/opt/gitlab/sv/postgresql/run] updated file contents /opt/gitlab/sv/postgresql/run
[2021-02-22T08:51:42+00:00] INFO: template[/opt/gitlab/sv/postgresql/run] owner changed to 0
[2021-02-22T08:51:42+00:00] INFO: template[/opt/gitlab/sv/postgresql/run] group changed to 0
[2021-02-22T08:51:42+00:00] INFO: template[/opt/gitlab/sv/postgresql/run] mode changed to 755
[2021-02-22T08:51:42+00:00] INFO: template[/opt/gitlab/sv/postgresql/log/run] created file /opt/gitlab/sv/postgresql/log/run
[2021-02-22T08:51:42+00:00] INFO: template[/opt/gitlab/sv/postgresql/log/run] updated file contents /opt/gitlab/sv/postgresql/log/run
[2021-02-22T08:51:42+00:00] INFO: template[/opt/gitlab/sv/postgresql/log/run] owner changed to 0
[2021-02-22T08:51:42+00:00] INFO: template[/opt/gitlab/sv/postgresql/log/run] group changed to 0
[2021-02-22T08:51:42+00:00] INFO: template[/opt/gitlab/sv/postgresql/log/run] mode changed to 755
[2021-02-22T08:51:42+00:00] INFO: directory[/opt/gitlab/sv/postgresql/control] created directory /opt/gitlab/sv/postgresql/control
[2021-02-22T08:51:42+00:00] INFO: directory[/opt/gitlab/sv/postgresql/control] owner changed to 0
[2021-02-22T08:51:42+00:00] INFO: directory[/opt/gitlab/sv/postgresql/control] group changed to 0
[2021-02-22T08:51:42+00:00] INFO: directory[/opt/gitlab/sv/postgresql/control] mode changed to 755
[2021-02-22T08:51:42+00:00] INFO: template[/opt/gitlab/sv/postgresql/control/t] created file /opt/gitlab/sv/postgresql/control/t
[2021-02-22T08:51:42+00:00] INFO: template[/opt/gitlab/sv/postgresql/control/t] updated file contents /opt/gitlab/sv/postgresql/control/t
[2021-02-22T08:51:42+00:00] INFO: template[/opt/gitlab/sv/postgresql/control/t] owner changed to 0
[2021-02-22T08:51:42+00:00] INFO: template[/opt/gitlab/sv/postgresql/control/t] group changed to 0
[2021-02-22T08:51:42+00:00] INFO: template[/opt/gitlab/sv/postgresql/control/t] mode changed to 755
[2021-02-22T08:51:42+00:00] INFO: link[/opt/gitlab/init/postgresql] created
[2021-02-22T08:51:42+00:00] INFO: link[/opt/gitlab/service/postgresql] created
[2021-02-22T08:51:44+00:00] INFO: ruby_block[supervise_postgresql_sleep] called
[2021-02-22T08:51:44+00:00] INFO: template[/opt/gitlab/etc/gitlab-psql-rc] created file /opt/gitlab/etc/gitlab-psql-rc
[2021-02-22T08:51:44+00:00] INFO: template[/opt/gitlab/etc/gitlab-psql-rc] updated file contents /opt/gitlab/etc/gitlab-psql-rc
[2021-02-22T08:51:44+00:00] INFO: template[/opt/gitlab/etc/gitlab-psql-rc] owner changed to 0
[2021-02-22T08:51:44+00:00] INFO: template[/opt/gitlab/etc/gitlab-psql-rc] group changed to 0
[2021-02-22T08:51:44+00:00] INFO: bash[migrate gitlab-rails database] running why-run run action to support before action
[2021-02-22T08:51:44+00:00] INFO: directory[/opt/gitlab/var/unicorn] created directory /opt/gitlab/var/unicorn
[2021-02-22T08:51:44+00:00] INFO: directory[/opt/gitlab/var/unicorn] owner changed to 998
[2021-02-22T08:51:44+00:00] INFO: directory[/opt/gitlab/var/unicorn] mode changed to 700
[2021-02-22T08:51:44+00:00] INFO: directory[/opt/gitlab/sv/unicorn] created directory /opt/gitlab/sv/unicorn
[2021-02-22T08:51:44+00:00] INFO: directory[/opt/gitlab/sv/unicorn] owner changed to 0
[2021-02-22T08:51:44+00:00] INFO: directory[/opt/gitlab/sv/unicorn] group changed to 0
[2021-02-22T08:51:44+00:00] INFO: directory[/opt/gitlab/sv/unicorn] mode changed to 755
[2021-02-22T08:51:44+00:00] INFO: directory[/opt/gitlab/sv/unicorn/log] created directory /opt/gitlab/sv/unicorn/log
[2021-02-22T08:51:44+00:00] INFO: directory[/opt/gitlab/sv/unicorn/log] owner changed to 0
[2021-02-22T08:51:44+00:00] INFO: directory[/opt/gitlab/sv/unicorn/log] group changed to 0
[2021-02-22T08:51:44+00:00] INFO: directory[/opt/gitlab/sv/unicorn/log] mode changed to 755
[2021-02-22T08:51:44+00:00] INFO: directory[/opt/gitlab/sv/unicorn/log/main] created directory /opt/gitlab/sv/unicorn/log/main
[2021-02-22T08:51:44+00:00] INFO: directory[/opt/gitlab/sv/unicorn/log/main] owner changed to 0
[2021-02-22T08:51:44+00:00] INFO: directory[/opt/gitlab/sv/unicorn/log/main] group changed to 0
[2021-02-22T08:51:44+00:00] INFO: directory[/opt/gitlab/sv/unicorn/log/main] mode changed to 755
[2021-02-22T08:51:44+00:00] INFO: template[/opt/gitlab/sv/unicorn/run] created file /opt/gitlab/sv/unicorn/run
[2021-02-22T08:51:44+00:00] INFO: template[/opt/gitlab/sv/unicorn/run] updated file contents /opt/gitlab/sv/unicorn/run
[2021-02-22T08:51:44+00:00] INFO: template[/opt/gitlab/sv/unicorn/run] owner changed to 0
[2021-02-22T08:51:44+00:00] INFO: template[/opt/gitlab/sv/unicorn/run] group changed to 0
[2021-02-22T08:51:44+00:00] INFO: template[/opt/gitlab/sv/unicorn/run] mode changed to 755
[2021-02-22T08:51:44+00:00] INFO: template[/opt/gitlab/sv/unicorn/log/run] created file /opt/gitlab/sv/unicorn/log/run
[2021-02-22T08:51:44+00:00] INFO: template[/opt/gitlab/sv/unicorn/log/run] updated file contents /opt/gitlab/sv/unicorn/log/run
[2021-02-22T08:51:44+00:00] INFO: template[/opt/gitlab/sv/unicorn/log/run] owner changed to 0
[2021-02-22T08:51:44+00:00] INFO: template[/opt/gitlab/sv/unicorn/log/run] group changed to 0
[2021-02-22T08:51:44+00:00] INFO: template[/opt/gitlab/sv/unicorn/log/run] mode changed to 755
[2021-02-22T08:51:44+00:00] INFO: directory[/opt/gitlab/sv/unicorn/control] created directory /opt/gitlab/sv/unicorn/control
[2021-02-22T08:51:44+00:00] INFO: directory[/opt/gitlab/sv/unicorn/control] owner changed to 0
[2021-02-22T08:51:44+00:00] INFO: directory[/opt/gitlab/sv/unicorn/control] group changed to 0
[2021-02-22T08:51:44+00:00] INFO: directory[/opt/gitlab/sv/unicorn/control] mode changed to 755
[2021-02-22T08:51:44+00:00] INFO: template[/opt/gitlab/sv/unicorn/control/t] created file /opt/gitlab/sv/unicorn/control/t
[2021-02-22T08:51:44+00:00] INFO: template[/opt/gitlab/sv/unicorn/control/t] updated file contents /opt/gitlab/sv/unicorn/control/t
[2021-02-22T08:51:44+00:00] INFO: template[/opt/gitlab/sv/unicorn/control/t] owner changed to 0
[2021-02-22T08:51:44+00:00] INFO: template[/opt/gitlab/sv/unicorn/control/t] group changed to 0
[2021-02-22T08:51:44+00:00] INFO: template[/opt/gitlab/sv/unicorn/control/t] mode changed to 755
[2021-02-22T08:51:44+00:00] INFO: link[/opt/gitlab/init/unicorn] created
[2021-02-22T08:51:44+00:00] INFO: link[/opt/gitlab/service/unicorn] created
[2021-02-22T08:51:46+00:00] INFO: ruby_block[supervise_unicorn_sleep] called
[2021-02-22T08:51:46+00:00] INFO: file[create /opt/gitlab/embedded/etc/90-omnibus-gitlab-net.core.somaxconn.conf net.core.somaxconn] created file /opt/gitlab/embedded/etc/90-omnibus-gitlab-net.core.somaxconn.conf
[2021-02-22T08:51:46+00:00] INFO: file[create /opt/gitlab/embedded/etc/90-omnibus-gitlab-net.core.somaxconn.conf net.core.somaxconn] updated file contents /opt/gitlab/embedded/etc/90-omnibus-gitlab-net.core.somaxconn.conf
[2021-02-22T08:51:46+00:00] INFO: file[create /opt/gitlab/embedded/etc/90-omnibus-gitlab-net.core.somaxconn.conf net.core.somaxconn] sending run action to execute[load sysctl conf net.core.somaxconn] (immediate)
[2021-02-22T08:51:46+00:00] INFO: execute[load sysctl conf net.core.somaxconn] ran successfully
[2021-02-22T08:51:46+00:00] INFO: link[/etc/sysctl.d/90-omnibus-gitlab-net.core.somaxconn.conf] created
[2021-02-22T08:51:46+00:00] INFO: directory[/opt/gitlab/sv/sidekiq] created directory /opt/gitlab/sv/sidekiq
[2021-02-22T08:51:46+00:00] INFO: directory[/opt/gitlab/sv/sidekiq] owner changed to 0
[2021-02-22T08:51:46+00:00] INFO: directory[/opt/gitlab/sv/sidekiq] group changed to 0
[2021-02-22T08:51:46+00:00] INFO: directory[/opt/gitlab/sv/sidekiq] mode changed to 755
[2021-02-22T08:51:46+00:00] INFO: directory[/opt/gitlab/sv/sidekiq/log] created directory /opt/gitlab/sv/sidekiq/log
[2021-02-22T08:51:46+00:00] INFO: directory[/opt/gitlab/sv/sidekiq/log] owner changed to 0
[2021-02-22T08:51:46+00:00] INFO: directory[/opt/gitlab/sv/sidekiq/log] group changed to 0
[2021-02-22T08:51:46+00:00] INFO: directory[/opt/gitlab/sv/sidekiq/log] mode changed to 755
[2021-02-22T08:51:46+00:00] INFO: directory[/opt/gitlab/sv/sidekiq/log/main] created directory /opt/gitlab/sv/sidekiq/log/main
[2021-02-22T08:51:46+00:00] INFO: directory[/opt/gitlab/sv/sidekiq/log/main] owner changed to 0
[2021-02-22T08:51:46+00:00] INFO: directory[/opt/gitlab/sv/sidekiq/log/main] group changed to 0
[2021-02-22T08:51:46+00:00] INFO: directory[/opt/gitlab/sv/sidekiq/log/main] mode changed to 755
[2021-02-22T08:51:46+00:00] INFO: template[/opt/gitlab/sv/sidekiq/run] created file /opt/gitlab/sv/sidekiq/run
[2021-02-22T08:51:46+00:00] INFO: template[/opt/gitlab/sv/sidekiq/run] updated file contents /opt/gitlab/sv/sidekiq/run
[2021-02-22T08:51:46+00:00] INFO: template[/opt/gitlab/sv/sidekiq/run] owner changed to 0
[2021-02-22T08:51:46+00:00] INFO: template[/opt/gitlab/sv/sidekiq/run] group changed to 0
[2021-02-22T08:51:46+00:00] INFO: template[/opt/gitlab/sv/sidekiq/run] mode changed to 755
[2021-02-22T08:51:46+00:00] INFO: template[/opt/gitlab/sv/sidekiq/log/run] created file /opt/gitlab/sv/sidekiq/log/run
[2021-02-22T08:51:46+00:00] INFO: template[/opt/gitlab/sv/sidekiq/log/run] updated file contents /opt/gitlab/sv/sidekiq/log/run
[2021-02-22T08:51:46+00:00] INFO: template[/opt/gitlab/sv/sidekiq/log/run] owner changed to 0
[2021-02-22T08:51:46+00:00] INFO: template[/opt/gitlab/sv/sidekiq/log/run] group changed to 0
[2021-02-22T08:51:46+00:00] INFO: template[/opt/gitlab/sv/sidekiq/log/run] mode changed to 755
[2021-02-22T08:51:46+00:00] INFO: link[/opt/gitlab/init/sidekiq] created
[2021-02-22T08:51:46+00:00] INFO: link[/opt/gitlab/service/sidekiq] created
[2021-02-22T08:51:48+00:00] INFO: ruby_block[supervise_sidekiq_sleep] called
[2021-02-22T08:51:48+00:00] INFO: directory[/opt/gitlab/etc/gitlab-workhorse] created directory /opt/gitlab/etc/gitlab-workhorse
[2021-02-22T08:51:48+00:00] INFO: directory[/opt/gitlab/etc/gitlab-workhorse] owner changed to 998
[2021-02-22T08:51:48+00:00] INFO: directory[/opt/gitlab/etc/gitlab-workhorse] mode changed to 700
[2021-02-22T08:51:48+00:00] INFO: directory[/opt/gitlab/etc/gitlab-workhorse/env] created directory /opt/gitlab/etc/gitlab-workhorse/env
[2021-02-22T08:51:48+00:00] INFO: file[/opt/gitlab/etc/gitlab-workhorse/env/PATH] created file /opt/gitlab/etc/gitlab-workhorse/env/PATH
[2021-02-22T08:51:48+00:00] INFO: file[/opt/gitlab/etc/gitlab-workhorse/env/PATH] updated file contents /opt/gitlab/etc/gitlab-workhorse/env/PATH
[2021-02-22T08:51:48+00:00] INFO: file[/opt/gitlab/etc/gitlab-workhorse/env/HOME] created file /opt/gitlab/etc/gitlab-workhorse/env/HOME
[2021-02-22T08:51:48+00:00] INFO: file[/opt/gitlab/etc/gitlab-workhorse/env/HOME] updated file contents /opt/gitlab/etc/gitlab-workhorse/env/HOME
[2021-02-22T08:51:48+00:00] INFO: file[/opt/gitlab/etc/gitlab-workhorse/env/HOME] not queuing delayed action restart on service[gitlab-workhorse] (delayed), as it's already been queued
[2021-02-22T08:51:48+00:00] INFO: directory[/opt/gitlab/sv/gitlab-workhorse] created directory /opt/gitlab/sv/gitlab-workhorse
[2021-02-22T08:51:48+00:00] INFO: directory[/opt/gitlab/sv/gitlab-workhorse] owner changed to 0
[2021-02-22T08:51:48+00:00] INFO: directory[/opt/gitlab/sv/gitlab-workhorse] group changed to 0
[2021-02-22T08:51:48+00:00] INFO: directory[/opt/gitlab/sv/gitlab-workhorse] mode changed to 755
[2021-02-22T08:51:48+00:00] INFO: directory[/opt/gitlab/sv/gitlab-workhorse/log] created directory /opt/gitlab/sv/gitlab-workhorse/log
[2021-02-22T08:51:48+00:00] INFO: directory[/opt/gitlab/sv/gitlab-workhorse/log] owner changed to 0
[2021-02-22T08:51:48+00:00] INFO: directory[/opt/gitlab/sv/gitlab-workhorse/log] group changed to 0
[2021-02-22T08:51:48+00:00] INFO: directory[/opt/gitlab/sv/gitlab-workhorse/log] mode changed to 755
[2021-02-22T08:51:48+00:00] INFO: directory[/opt/gitlab/sv/gitlab-workhorse/log/main] created directory /opt/gitlab/sv/gitlab-workhorse/log/main
[2021-02-22T08:51:48+00:00] INFO: directory[/opt/gitlab/sv/gitlab-workhorse/log/main] owner changed to 0
[2021-02-22T08:51:48+00:00] INFO: directory[/opt/gitlab/sv/gitlab-workhorse/log/main] group changed to 0
[2021-02-22T08:51:48+00:00] INFO: directory[/opt/gitlab/sv/gitlab-workhorse/log/main] mode changed to 755
[2021-02-22T08:51:48+00:00] INFO: template[/opt/gitlab/sv/gitlab-workhorse/run] created file /opt/gitlab/sv/gitlab-workhorse/run
[2021-02-22T08:51:48+00:00] INFO: template[/opt/gitlab/sv/gitlab-workhorse/run] updated file contents /opt/gitlab/sv/gitlab-workhorse/run
[2021-02-22T08:51:48+00:00] INFO: template[/opt/gitlab/sv/gitlab-workhorse/run] owner changed to 0
[2021-02-22T08:51:48+00:00] INFO: template[/opt/gitlab/sv/gitlab-workhorse/run] group changed to 0
[2021-02-22T08:51:48+00:00] INFO: template[/opt/gitlab/sv/gitlab-workhorse/run] mode changed to 755
[2021-02-22T08:51:48+00:00] INFO: template[/opt/gitlab/sv/gitlab-workhorse/log/run] created file /opt/gitlab/sv/gitlab-workhorse/log/run
[2021-02-22T08:51:48+00:00] INFO: template[/opt/gitlab/sv/gitlab-workhorse/log/run] updated file contents /opt/gitlab/sv/gitlab-workhorse/log/run
[2021-02-22T08:51:48+00:00] INFO: template[/opt/gitlab/sv/gitlab-workhorse/log/run] owner changed to 0
[2021-02-22T08:51:48+00:00] INFO: template[/opt/gitlab/sv/gitlab-workhorse/log/run] group changed to 0
[2021-02-22T08:51:48+00:00] INFO: template[/opt/gitlab/sv/gitlab-workhorse/log/run] mode changed to 755
[2021-02-22T08:51:48+00:00] INFO: link[/opt/gitlab/init/gitlab-workhorse] created
[2021-02-22T08:51:48+00:00] INFO: link[/opt/gitlab/service/gitlab-workhorse] created
[2021-02-22T08:51:50+00:00] INFO: ruby_block[supervise_gitlab-workhorse_sleep] called
[2021-02-22T08:51:50+00:00] INFO: directory[/opt/gitlab/sv/nginx] created directory /opt/gitlab/sv/nginx
[2021-02-22T08:51:50+00:00] INFO: directory[/opt/gitlab/sv/nginx] owner changed to 0
[2021-02-22T08:51:50+00:00] INFO: directory[/opt/gitlab/sv/nginx] group changed to 0
[2021-02-22T08:51:50+00:00] INFO: directory[/opt/gitlab/sv/nginx] mode changed to 755
[2021-02-22T08:51:50+00:00] INFO: directory[/opt/gitlab/sv/nginx/log] created directory /opt/gitlab/sv/nginx/log
[2021-02-22T08:51:50+00:00] INFO: directory[/opt/gitlab/sv/nginx/log] owner changed to 0
[2021-02-22T08:51:50+00:00] INFO: directory[/opt/gitlab/sv/nginx/log] group changed to 0
[2021-02-22T08:51:50+00:00] INFO: directory[/opt/gitlab/sv/nginx/log] mode changed to 755
[2021-02-22T08:51:50+00:00] INFO: directory[/opt/gitlab/sv/nginx/log/main] created directory /opt/gitlab/sv/nginx/log/main
[2021-02-22T08:51:50+00:00] INFO: directory[/opt/gitlab/sv/nginx/log/main] owner changed to 0
[2021-02-22T08:51:50+00:00] INFO: directory[/opt/gitlab/sv/nginx/log/main] group changed to 0
[2021-02-22T08:51:50+00:00] INFO: directory[/opt/gitlab/sv/nginx/log/main] mode changed to 755
[2021-02-22T08:51:50+00:00] INFO: template[/opt/gitlab/sv/nginx/run] created file /opt/gitlab/sv/nginx/run
[2021-02-22T08:51:50+00:00] INFO: template[/opt/gitlab/sv/nginx/run] updated file contents /opt/gitlab/sv/nginx/run
[2021-02-22T08:51:50+00:00] INFO: template[/opt/gitlab/sv/nginx/run] owner changed to 0
[2021-02-22T08:51:50+00:00] INFO: template[/opt/gitlab/sv/nginx/run] group changed to 0
[2021-02-22T08:51:50+00:00] INFO: template[/opt/gitlab/sv/nginx/run] mode changed to 755
[2021-02-22T08:51:50+00:00] INFO: template[/opt/gitlab/sv/nginx/log/run] created file /opt/gitlab/sv/nginx/log/run
[2021-02-22T08:51:50+00:00] INFO: template[/opt/gitlab/sv/nginx/log/run] updated file contents /opt/gitlab/sv/nginx/log/run
[2021-02-22T08:51:50+00:00] INFO: template[/opt/gitlab/sv/nginx/log/run] owner changed to 0
[2021-02-22T08:51:50+00:00] INFO: template[/opt/gitlab/sv/nginx/log/run] group changed to 0
[2021-02-22T08:51:50+00:00] INFO: template[/opt/gitlab/sv/nginx/log/run] mode changed to 755
[2021-02-22T08:51:50+00:00] INFO: link[/opt/gitlab/init/nginx] created
[2021-02-22T08:51:50+00:00] INFO: link[/opt/gitlab/service/nginx] created
[2021-02-22T08:51:52+00:00] INFO: ruby_block[supervise_nginx_sleep] called
[2021-02-22T08:51:52+00:00] INFO: directory[/opt/gitlab/sv/logrotate] created directory /opt/gitlab/sv/logrotate
[2021-02-22T08:51:52+00:00] INFO: directory[/opt/gitlab/sv/logrotate] owner changed to 0
[2021-02-22T08:51:52+00:00] INFO: directory[/opt/gitlab/sv/logrotate] group changed to 0
[2021-02-22T08:51:52+00:00] INFO: directory[/opt/gitlab/sv/logrotate] mode changed to 755
[2021-02-22T08:51:52+00:00] INFO: directory[/opt/gitlab/sv/logrotate/log] created directory /opt/gitlab/sv/logrotate/log
[2021-02-22T08:51:52+00:00] INFO: directory[/opt/gitlab/sv/logrotate/log] owner changed to 0
[2021-02-22T08:51:52+00:00] INFO: directory[/opt/gitlab/sv/logrotate/log] group changed to 0
[2021-02-22T08:51:52+00:00] INFO: directory[/opt/gitlab/sv/logrotate/log] mode changed to 755
[2021-02-22T08:51:52+00:00] INFO: directory[/opt/gitlab/sv/logrotate/log/main] created directory /opt/gitlab/sv/logrotate/log/main
[2021-02-22T08:51:52+00:00] INFO: directory[/opt/gitlab/sv/logrotate/log/main] owner changed to 0
[2021-02-22T08:51:52+00:00] INFO: directory[/opt/gitlab/sv/logrotate/log/main] group changed to 0
[2021-02-22T08:51:52+00:00] INFO: directory[/opt/gitlab/sv/logrotate/log/main] mode changed to 755
[2021-02-22T08:51:52+00:00] INFO: template[/opt/gitlab/sv/logrotate/run] created file /opt/gitlab/sv/logrotate/run
[2021-02-22T08:51:52+00:00] INFO: template[/opt/gitlab/sv/logrotate/run] updated file contents /opt/gitlab/sv/logrotate/run
[2021-02-22T08:51:52+00:00] INFO: template[/opt/gitlab/sv/logrotate/run] owner changed to 0
[2021-02-22T08:51:52+00:00] INFO: template[/opt/gitlab/sv/logrotate/run] group changed to 0
[2021-02-22T08:51:52+00:00] INFO: template[/opt/gitlab/sv/logrotate/run] mode changed to 755
[2021-02-22T08:51:52+00:00] INFO: template[/opt/gitlab/sv/logrotate/log/run] created file /opt/gitlab/sv/logrotate/log/run
[2021-02-22T08:51:52+00:00] INFO: template[/opt/gitlab/sv/logrotate/log/run] updated file contents /opt/gitlab/sv/logrotate/log/run
[2021-02-22T08:51:52+00:00] INFO: template[/opt/gitlab/sv/logrotate/log/run] owner changed to 0
[2021-02-22T08:51:52+00:00] INFO: template[/opt/gitlab/sv/logrotate/log/run] group changed to 0
[2021-02-22T08:51:52+00:00] INFO: template[/opt/gitlab/sv/logrotate/log/run] mode changed to 755
[2021-02-22T08:51:52+00:00] INFO: directory[/opt/gitlab/sv/logrotate/control] created directory /opt/gitlab/sv/logrotate/control
[2021-02-22T08:51:52+00:00] INFO: directory[/opt/gitlab/sv/logrotate/control] owner changed to 0
[2021-02-22T08:51:52+00:00] INFO: directory[/opt/gitlab/sv/logrotate/control] group changed to 0
[2021-02-22T08:51:52+00:00] INFO: directory[/opt/gitlab/sv/logrotate/control] mode changed to 755
[2021-02-22T08:51:52+00:00] INFO: template[/opt/gitlab/sv/logrotate/control/t] created file /opt/gitlab/sv/logrotate/control/t
[2021-02-22T08:51:52+00:00] INFO: template[/opt/gitlab/sv/logrotate/control/t] updated file contents /opt/gitlab/sv/logrotate/control/t
[2021-02-22T08:51:52+00:00] INFO: template[/opt/gitlab/sv/logrotate/control/t] owner changed to 0
[2021-02-22T08:51:52+00:00] INFO: template[/opt/gitlab/sv/logrotate/control/t] group changed to 0
[2021-02-22T08:51:52+00:00] INFO: template[/opt/gitlab/sv/logrotate/control/t] mode changed to 755
[2021-02-22T08:51:52+00:00] INFO: link[/opt/gitlab/init/logrotate] created
[2021-02-22T08:51:52+00:00] INFO: link[/opt/gitlab/service/logrotate] created
[2021-02-22T08:51:54+00:00] INFO: ruby_block[supervise_logrotate_sleep] called
[2021-02-22T08:51:54+00:00] INFO: template[/opt/gitlab/etc/gitlab-healthcheck-rc] created file /opt/gitlab/etc/gitlab-healthcheck-rc
[2021-02-22T08:51:54+00:00] INFO: template[/opt/gitlab/etc/gitlab-healthcheck-rc] updated file contents /opt/gitlab/etc/gitlab-healthcheck-rc
[2021-02-22T08:51:54+00:00] INFO: template[/opt/gitlab/etc/gitlab-healthcheck-rc] owner changed to 0
[2021-02-22T08:51:54+00:00] INFO: template[/opt/gitlab/etc/gitlab-healthcheck-rc] group changed to 0
[2021-02-22T08:51:54+00:00] INFO: file[/opt/gitlab/etc/gitlab-workhorse/env/PATH] sending restart action to service[gitlab-workhorse] (delayed)
[2021-02-22T08:51:55+00:00] INFO: service[gitlab-workhorse] restarted
[2021-02-22T08:51:55+00:00] INFO: Chef Run complete in 21.572543921 seconds
[2021-02-22T08:51:55+00:00] INFO: Running report handlers
[2021-02-22T08:51:55+00:00] INFO: Report handlers complete
