# Logfile created on 2021-02-22 05:55:16 +0000 by logger.rb/v1.4.2
{"severity":"DEBUG","time":"2021-02-22T05:55:16.355Z","correlation_id":null,"message":"ActiveRecord connection established"}
{"severity":"INFO","time":"2021-02-22T05:55:16.848Z","correlation_id":null,"message":"Checking state of dynamic postgres partitions"}
{"severity":"INFO","time":"2021-02-22T05:55:30.005Z","correlation_id":null,"message":"Checking state of dynamic postgres partitions"}
{"severity":"INFO","time":"2021-02-22T05:55:30.076Z","correlation_id":null,"method":"with_lock_retries","class":"Gitlab::Database::Partitioning::PartitionCreator","message":"Lock timeout is set","current_iteration":1,"lock_timeout_in_ms":100}
{"severity":"INFO","time":"2021-02-22T05:55:30.108Z","correlation_id":null,"message":"Created partition audit_events_000000 for table audit_events"}
{"severity":"INFO","time":"2021-02-22T05:55:30.130Z","correlation_id":null,"message":"Created partition audit_events_202102 for table audit_events"}
{"severity":"INFO","time":"2021-02-22T05:55:30.152Z","correlation_id":null,"message":"Created partition audit_events_202103 for table audit_events"}
{"severity":"INFO","time":"2021-02-22T05:55:30.174Z","correlation_id":null,"message":"Created partition audit_events_202104 for table audit_events"}
{"severity":"INFO","time":"2021-02-22T05:55:30.197Z","correlation_id":null,"message":"Created partition audit_events_202105 for table audit_events"}
{"severity":"INFO","time":"2021-02-22T05:55:30.219Z","correlation_id":null,"message":"Created partition audit_events_202106 for table audit_events"}
{"severity":"INFO","time":"2021-02-22T05:55:30.241Z","correlation_id":null,"message":"Created partition audit_events_202107 for table audit_events"}
{"severity":"INFO","time":"2021-02-22T05:55:30.254Z","correlation_id":null,"message":"Created partition audit_events_202108 for table audit_events"}
{"severity":"INFO","time":"2021-02-22T05:55:30.254Z","correlation_id":null,"method":"with_lock_retries","class":"Gitlab::Database::Partitioning::PartitionCreator","message":"Migration finished","current_iteration":1,"lock_timeout_in_ms":100}
{"severity":"INFO","time":"2021-02-22T05:55:31.293Z","correlation_id":null,"message":"User \"Administrator\" (admin@example.com) was created"}
{"severity":"INFO","time":"2021-02-22T05:55:31.603Z","correlation_id":null,"message":"Group \"GitLab Instance\" was created"}
{"severity":"INFO","time":"2021-02-22T05:55:32.757Z","correlation_id":"c2cdcec008b974a9b29345f4433a98d8","message":"GitLab Instance created a new project \"GitLab Instance / Monitoring\""}
{"severity":"ERROR","time":"2021-02-22T05:55:33.594Z","correlation_id":null,"message":"Cannot obtain an exclusive lease. There must be another instance already in execution."}
{"severity":"DEBUG","time":"2021-02-22T05:55:44.974Z","correlation_id":null,"message":"ActiveRecord connection established"}
{"severity":"INFO","time":"2021-02-22T05:55:45.909Z","correlation_id":null,"message":"Checking state of dynamic postgres partitions"}
{"severity":"INFO","time":"2021-02-22T05:56:05.214Z","correlation_id":null,"message":"Checking state of dynamic postgres partitions"}
{"severity":"INFO","time":"2021-02-22T05:56:12.660Z","correlation_id":null,"message":"Checking state of dynamic postgres partitions"}
{"severity":"DEBUG","time":"2021-02-22T05:56:30.203Z","correlation_id":null,"message":"ActiveRecord connection disconnected"}
{"severity":"DEBUG","time":"2021-02-22T05:56:30.455Z","correlation_id":null,"message":"ActiveRecord connection established"}
{"severity":"DEBUG","time":"2021-02-22T05:56:30.473Z","correlation_id":null,"message":"ActiveRecord connection established"}
{"severity":"DEBUG","time":"2021-02-22T05:56:30.498Z","correlation_id":null,"message":"ActiveRecord connection established"}
{"severity":"DEBUG","time":"2021-02-22T05:56:30.522Z","correlation_id":null,"message":"ActiveRecord connection established"}
{"severity":"DEBUG","time":"2021-02-22T05:56:30.527Z","correlation_id":null,"message":"ActiveRecord connection established"}
{"severity":"DEBUG","time":"2021-02-22T05:56:30.548Z","correlation_id":null,"message":"ActiveRecord connection established"}
{"severity":"DEBUG","time":"2021-02-22T05:56:30.563Z","correlation_id":null,"message":"ActiveRecord connection established"}
{"severity":"DEBUG","time":"2021-02-22T05:56:30.588Z","correlation_id":null,"message":"ActiveRecord connection established"}
{"severity":"DEBUG","time":"2021-02-22T05:57:02.200Z","correlation_id":null,"message":"ActiveRecord connection established"}
{"severity":"INFO","time":"2021-02-22T05:57:03.031Z","correlation_id":null,"message":"Checking state of dynamic postgres partitions"}
{"severity":"INFO","time":"2021-02-22T05:57:16.846Z","correlation_id":"01EZ450E4GMT4KW79CNKJRJMGW","message":"Successful Login: username=root ip=172.17.0.1 method=standard admin=true"}
{"severity":"DEBUG","time":"2021-02-22T05:57:38.391Z","correlation_id":null,"message":"ActiveRecord connection established"}
{"severity":"INFO","time":"2021-02-22T05:57:39.377Z","correlation_id":null,"message":"Checking state of dynamic postgres partitions"}
{"severity":"INFO","time":"2021-02-22T05:57:44.133Z","correlation_id":"01EZ4518VSKEC7AB0EH289K3YH","message":"User \"sooding\" (project1_bot@example.com) was created"}
{"severity":"ERROR","time":"2021-02-22T05:57:44.382Z","correlation_id":"01EZ4518VSKEC7AB0EH289K3YH","message":"Cannot obtain an exclusive lease. There must be another instance already in execution."}
{"severity":"INFO","time":"2021-02-22T05:57:44.426Z","correlation_id":"01EZ4518VSKEC7AB0EH289K3YH","message":"PAT CREATION: created_by: 'project_1_bot', created_for: 'project_1_bot', token_id: '1'"}
{"severity":"INFO","time":"2021-02-22T06:00:18.736Z","correlation_id":"0b21a052710dedddafafa534ce958fe4","message":"StuckCiJobsWorker: Cleaning stuck builds"}
{"severity":"INFO","time":"2021-02-22T06:21:13.487Z","correlation_id":"b22b5cbc6fe3261f6807a8a70316598d","message":"Checking state of dynamic postgres partitions"}
{"severity":"INFO","time":"2021-02-22T07:00:01.341Z","correlation_id":"0ee3fe8f6d67b7e62be8137acc18609b","message":"StuckCiJobsWorker: Cleaning stuck builds"}
{"severity":"INFO","time":"2021-02-22T08:00:16.235Z","correlation_id":"bdc454ceafa298baed3eab18dcb6daf0","message":"StuckCiJobsWorker: Cleaning stuck builds"}
